Determining if the Q_WS_X11 exist failed with the following output:
Change Dir: /Users/nEwUnivErsE/In-air-interaction/In-air/CMakeFiles/CMakeTmp

Run Build Command:/usr/bin/make "cmTryCompileExec822459407/fast"
/Applications/Xcode.app/Contents/Developer/usr/bin/make -f CMakeFiles/cmTryCompileExec822459407.dir/build.make CMakeFiles/cmTryCompileExec822459407.dir/build
"/Applications/CMake 2.8-12.app/Contents/bin/cmake" -E cmake_progress_report /Users/nEwUnivErsE/In-air-interaction/In-air/CMakeFiles/CMakeTmp/CMakeFiles 1
Building CXX object CMakeFiles/cmTryCompileExec822459407.dir/CheckSymbolExists.cxx.o
/usr/bin/c++    -isysroot /Applications/Xcode.app/Contents/Developer/Platforms/MacOSX.platform/Developer/SDKs/MacOSX10.9.sdk -I/opt/local/include    -o CMakeFiles/cmTryCompileExec822459407.dir/CheckSymbolExists.cxx.o -c /Users/nEwUnivErsE/In-air-interaction/In-air/CMakeFiles/CMakeTmp/CheckSymbolExists.cxx
/Users/nEwUnivErsE/In-air-interaction/In-air/CMakeFiles/CMakeTmp/CheckSymbolExists.cxx:8:19: error: use of undeclared identifier 'Q_WS_X11'
  return ((int*)(&Q_WS_X11))[argc];
                  ^
1 error generated.
make[1]: *** [CMakeFiles/cmTryCompileExec822459407.dir/CheckSymbolExists.cxx.o] Error 1
make: *** [cmTryCompileExec822459407/fast] Error 2

File /Users/nEwUnivErsE/In-air-interaction/In-air/CMakeFiles/CMakeTmp/CheckSymbolExists.cxx:
/* */
#include <QtCore/qglobal.h>

int main(int argc, char** argv)
{
  (void)argv;
#ifndef Q_WS_X11
  return ((int*)(&Q_WS_X11))[argc];
#else
  (void)argc;
  return 0;
#endif
}

Determining if the Q_WS_WIN exist failed with the following output:
Change Dir: /Users/nEwUnivErsE/In-air-interaction/In-air/CMakeFiles/CMakeTmp

Run Build Command:/usr/bin/make "cmTryCompileExec3148632915/fast"
/Applications/Xcode.app/Contents/Developer/usr/bin/make -f CMakeFiles/cmTryCompileExec3148632915.dir/build.make CMakeFiles/cmTryCompileExec3148632915.dir/build
"/Applications/CMake 2.8-12.app/Contents/bin/cmake" -E cmake_progress_report /Users/nEwUnivErsE/In-air-interaction/In-air/CMakeFiles/CMakeTmp/CMakeFiles 1
Building CXX object CMakeFiles/cmTryCompileExec3148632915.dir/CheckSymbolExists.cxx.o
/usr/bin/c++    -isysroot /Applications/Xcode.app/Contents/Developer/Platforms/MacOSX.platform/Developer/SDKs/MacOSX10.9.sdk -I/opt/local/include    -o CMakeFiles/cmTryCompileExec3148632915.dir/CheckSymbolExists.cxx.o -c /Users/nEwUnivErsE/In-air-interaction/In-air/CMakeFiles/CMakeTmp/CheckSymbolExists.cxx
/Users/nEwUnivErsE/In-air-interaction/In-air/CMakeFiles/CMakeTmp/CheckSymbolExists.cxx:8:19: error: use of undeclared identifier 'Q_WS_WIN'
  return ((int*)(&Q_WS_WIN))[argc];
                  ^
1 error generated.
make[1]: *** [CMakeFiles/cmTryCompileExec3148632915.dir/CheckSymbolExists.cxx.o] Error 1
make: *** [cmTryCompileExec3148632915/fast] Error 2

File /Users/nEwUnivErsE/In-air-interaction/In-air/CMakeFiles/CMakeTmp/CheckSymbolExists.cxx:
/* */
#include <QtCore/qglobal.h>

int main(int argc, char** argv)
{
  (void)argv;
#ifndef Q_WS_WIN
  return ((int*)(&Q_WS_WIN))[argc];
#else
  (void)argc;
  return 0;
#endif
}

Determining if the Q_WS_QWS exist failed with the following output:
Change Dir: /Users/nEwUnivErsE/In-air-interaction/In-air/CMakeFiles/CMakeTmp

Run Build Command:/usr/bin/make "cmTryCompileExec599835169/fast"
/Applications/Xcode.app/Contents/Developer/usr/bin/make -f CMakeFiles/cmTryCompileExec599835169.dir/build.make CMakeFiles/cmTryCompileExec599835169.dir/build
"/Applications/CMake 2.8-12.app/Contents/bin/cmake" -E cmake_progress_report /Users/nEwUnivErsE/In-air-interaction/In-air/CMakeFiles/CMakeTmp/CMakeFiles 1
Building CXX object CMakeFiles/cmTryCompileExec599835169.dir/CheckSymbolExists.cxx.o
/usr/bin/c++    -isysroot /Applications/Xcode.app/Contents/Developer/Platforms/MacOSX.platform/Developer/SDKs/MacOSX10.9.sdk -I/opt/local/include    -o CMakeFiles/cmTryCompileExec599835169.dir/CheckSymbolExists.cxx.o -c /Users/nEwUnivErsE/In-air-interaction/In-air/CMakeFiles/CMakeTmp/CheckSymbolExists.cxx
/Users/nEwUnivErsE/In-air-interaction/In-air/CMakeFiles/CMakeTmp/CheckSymbolExists.cxx:8:19: error: use of undeclared identifier 'Q_WS_QWS'
  return ((int*)(&Q_WS_QWS))[argc];
                  ^
1 error generated.
make[1]: *** [CMakeFiles/cmTryCompileExec599835169.dir/CheckSymbolExists.cxx.o] Error 1
make: *** [cmTryCompileExec599835169/fast] Error 2

File /Users/nEwUnivErsE/In-air-interaction/In-air/CMakeFiles/CMakeTmp/CheckSymbolExists.cxx:
/* */
#include <QtCore/qglobal.h>

int main(int argc, char** argv)
{
  (void)argv;
#ifndef Q_WS_QWS
  return ((int*)(&Q_WS_QWS))[argc];
#else
  (void)argc;
  return 0;
#endif
}

