The system is: Darwin - 13.0.0 - i386
Compiling the C compiler identification source file "CMakeCCompilerId.c" succeeded.
Compiler: /usr/bin/cc 
Build flags: 
Id flags: 

The output was:
0


Compilation of the C compiler identification source "CMakeCCompilerId.c" produced "a.out"

The C compiler identification is Clang, found in "/Users/nEwUnivErsE/In-air-interaction/In-air/CMakeFiles/2.8.12.1/CompilerIdC/a.out"

Compiling the CXX compiler identification source file "CMakeCXXCompilerId.cpp" succeeded.
Compiler: /usr/bin/c++ 
Build flags: 
Id flags: 

The output was:
0


Compilation of the CXX compiler identification source "CMakeCXXCompilerId.cpp" produced "a.out"

The CXX compiler identification is Clang, found in "/Users/nEwUnivErsE/In-air-interaction/In-air/CMakeFiles/2.8.12.1/CompilerIdCXX/a.out"

Determining if the C compiler works passed with the following output:
Change Dir: /Users/nEwUnivErsE/In-air-interaction/In-air/CMakeFiles/CMakeTmp

Run Build Command:/usr/bin/make "cmTryCompileExec3942196389/fast"
/Applications/Xcode.app/Contents/Developer/usr/bin/make -f CMakeFiles/cmTryCompileExec3942196389.dir/build.make CMakeFiles/cmTryCompileExec3942196389.dir/build
"/Applications/CMake 2.8-12.app/Contents/bin/cmake" -E cmake_progress_report /Users/nEwUnivErsE/In-air-interaction/In-air/CMakeFiles/CMakeTmp/CMakeFiles 1
Building C object CMakeFiles/cmTryCompileExec3942196389.dir/testCCompiler.c.o
/usr/bin/cc   -isysroot /Applications/Xcode.app/Contents/Developer/Platforms/MacOSX.platform/Developer/SDKs/MacOSX10.9.sdk   -o CMakeFiles/cmTryCompileExec3942196389.dir/testCCompiler.c.o   -c /Users/nEwUnivErsE/In-air-interaction/In-air/CMakeFiles/CMakeTmp/testCCompiler.c
Linking C executable cmTryCompileExec3942196389
"/Applications/CMake 2.8-12.app/Contents/bin/cmake" -E cmake_link_script CMakeFiles/cmTryCompileExec3942196389.dir/link.txt --verbose=1
/usr/bin/cc    -isysroot /Applications/Xcode.app/Contents/Developer/Platforms/MacOSX.platform/Developer/SDKs/MacOSX10.9.sdk -Wl,-search_paths_first -Wl,-headerpad_max_install_names   CMakeFiles/cmTryCompileExec3942196389.dir/testCCompiler.c.o  -o cmTryCompileExec3942196389  


Detecting C compiler ABI info compiled with the following output:
Change Dir: /Users/nEwUnivErsE/In-air-interaction/In-air/CMakeFiles/CMakeTmp

Run Build Command:/usr/bin/make "cmTryCompileExec2529036314/fast"
/Applications/Xcode.app/Contents/Developer/usr/bin/make -f CMakeFiles/cmTryCompileExec2529036314.dir/build.make CMakeFiles/cmTryCompileExec2529036314.dir/build
"/Applications/CMake 2.8-12.app/Contents/bin/cmake" -E cmake_progress_report /Users/nEwUnivErsE/In-air-interaction/In-air/CMakeFiles/CMakeTmp/CMakeFiles 1
Building C object CMakeFiles/cmTryCompileExec2529036314.dir/CMakeCCompilerABI.c.o
/usr/bin/cc   -isysroot /Applications/Xcode.app/Contents/Developer/Platforms/MacOSX.platform/Developer/SDKs/MacOSX10.9.sdk   -o CMakeFiles/cmTryCompileExec2529036314.dir/CMakeCCompilerABI.c.o   -c "/Applications/CMake 2.8-12.app/Contents/share/cmake-2.8/Modules/CMakeCCompilerABI.c"
Linking C executable cmTryCompileExec2529036314
"/Applications/CMake 2.8-12.app/Contents/bin/cmake" -E cmake_link_script CMakeFiles/cmTryCompileExec2529036314.dir/link.txt --verbose=1
/usr/bin/cc    -isysroot /Applications/Xcode.app/Contents/Developer/Platforms/MacOSX.platform/Developer/SDKs/MacOSX10.9.sdk -Wl,-search_paths_first -Wl,-headerpad_max_install_names -v -Wl,-v CMakeFiles/cmTryCompileExec2529036314.dir/CMakeCCompilerABI.c.o  -o cmTryCompileExec2529036314   
Apple LLVM version 5.0 (clang-500.2.79) (based on LLVM 3.3svn)
Target: x86_64-apple-darwin13.0.0
Thread model: posix
 "/Applications/Xcode.app/Contents/Developer/Toolchains/XcodeDefault.xctoolchain/usr/bin/ld" -demangle -dynamic -arch x86_64 -macosx_version_min 10.9.0 -syslibroot /Applications/Xcode.app/Contents/Developer/Platforms/MacOSX.platform/Developer/SDKs/MacOSX10.9.sdk -o cmTryCompileExec2529036314 -search_paths_first -headerpad_max_install_names -v CMakeFiles/cmTryCompileExec2529036314.dir/CMakeCCompilerABI.c.o -lSystem /Applications/Xcode.app/Contents/Developer/Toolchains/XcodeDefault.xctoolchain/usr/bin/../lib/clang/5.0/lib/darwin/libclang_rt.osx.a
@(#)PROGRAM:ld  PROJECT:ld64-224.1
configured to support archs: armv6 armv7 armv7s arm64 i386 x86_64 armv6m armv7m armv7em
Library search paths:
	/Applications/Xcode.app/Contents/Developer/Platforms/MacOSX.platform/Developer/SDKs/MacOSX10.9.sdk/usr/lib
Framework search paths:
	/Applications/Xcode.app/Contents/Developer/Platforms/MacOSX.platform/Developer/SDKs/MacOSX10.9.sdk/System/Library/Frameworks/


Parsed C implicit link information from above output:
  link line regex: [^( *|.*[/\])(ld|([^/\]+-)?ld|collect2)[^/\]*( |$)]
  ignore line: [Change Dir: /Users/nEwUnivErsE/In-air-interaction/In-air/CMakeFiles/CMakeTmp]
  ignore line: []
  ignore line: [Run Build Command:/usr/bin/make "cmTryCompileExec2529036314/fast"]
  ignore line: [/Applications/Xcode.app/Contents/Developer/usr/bin/make -f CMakeFiles/cmTryCompileExec2529036314.dir/build.make CMakeFiles/cmTryCompileExec2529036314.dir/build]
  ignore line: ["/Applications/CMake 2.8-12.app/Contents/bin/cmake" -E cmake_progress_report /Users/nEwUnivErsE/In-air-interaction/In-air/CMakeFiles/CMakeTmp/CMakeFiles 1]
  ignore line: [Building C object CMakeFiles/cmTryCompileExec2529036314.dir/CMakeCCompilerABI.c.o]
  ignore line: [/usr/bin/cc   -isysroot /Applications/Xcode.app/Contents/Developer/Platforms/MacOSX.platform/Developer/SDKs/MacOSX10.9.sdk   -o CMakeFiles/cmTryCompileExec2529036314.dir/CMakeCCompilerABI.c.o   -c "/Applications/CMake 2.8-12.app/Contents/share/cmake-2.8/Modules/CMakeCCompilerABI.c"]
  ignore line: [Linking C executable cmTryCompileExec2529036314]
  ignore line: ["/Applications/CMake 2.8-12.app/Contents/bin/cmake" -E cmake_link_script CMakeFiles/cmTryCompileExec2529036314.dir/link.txt --verbose=1]
  ignore line: [/usr/bin/cc    -isysroot /Applications/Xcode.app/Contents/Developer/Platforms/MacOSX.platform/Developer/SDKs/MacOSX10.9.sdk -Wl,-search_paths_first -Wl,-headerpad_max_install_names -v -Wl,-v CMakeFiles/cmTryCompileExec2529036314.dir/CMakeCCompilerABI.c.o  -o cmTryCompileExec2529036314   ]
  ignore line: [Apple LLVM version 5.0 (clang-500.2.79) (based on LLVM 3.3svn)]
  ignore line: [Target: x86_64-apple-darwin13.0.0]
  ignore line: [Thread model: posix]
  link line: [ "/Applications/Xcode.app/Contents/Developer/Toolchains/XcodeDefault.xctoolchain/usr/bin/ld" -demangle -dynamic -arch x86_64 -macosx_version_min 10.9.0 -syslibroot /Applications/Xcode.app/Contents/Developer/Platforms/MacOSX.platform/Developer/SDKs/MacOSX10.9.sdk -o cmTryCompileExec2529036314 -search_paths_first -headerpad_max_install_names -v CMakeFiles/cmTryCompileExec2529036314.dir/CMakeCCompilerABI.c.o -lSystem /Applications/Xcode.app/Contents/Developer/Toolchains/XcodeDefault.xctoolchain/usr/bin/../lib/clang/5.0/lib/darwin/libclang_rt.osx.a]
    arg [/Applications/Xcode.app/Contents/Developer/Toolchains/XcodeDefault.xctoolchain/usr/bin/ld] ==> ignore
    arg [-demangle] ==> ignore
    arg [-dynamic] ==> ignore
    arg [-arch] ==> ignore
    arg [x86_64] ==> ignore
    arg [-macosx_version_min] ==> ignore
    arg [10.9.0] ==> ignore
    arg [-syslibroot] ==> ignore
    arg [/Applications/Xcode.app/Contents/Developer/Platforms/MacOSX.platform/Developer/SDKs/MacOSX10.9.sdk] ==> ignore
    arg [-o] ==> ignore
    arg [cmTryCompileExec2529036314] ==> ignore
    arg [-search_paths_first] ==> ignore
    arg [-headerpad_max_install_names] ==> ignore
    arg [-v] ==> ignore
    arg [CMakeFiles/cmTryCompileExec2529036314.dir/CMakeCCompilerABI.c.o] ==> ignore
    arg [-lSystem] ==> lib [System]
    arg [/Applications/Xcode.app/Contents/Developer/Toolchains/XcodeDefault.xctoolchain/usr/bin/../lib/clang/5.0/lib/darwin/libclang_rt.osx.a] ==> lib [/Applications/Xcode.app/Contents/Developer/Toolchains/XcodeDefault.xctoolchain/usr/bin/../lib/clang/5.0/lib/darwin/libclang_rt.osx.a]
  Library search paths: [;/Applications/Xcode.app/Contents/Developer/Platforms/MacOSX.platform/Developer/SDKs/MacOSX10.9.sdk/usr/lib]
  Framework search paths: [;/Applications/Xcode.app/Contents/Developer/Platforms/MacOSX.platform/Developer/SDKs/MacOSX10.9.sdk/System/Library/Frameworks/]
  remove lib [System]
  collapse lib [/Applications/Xcode.app/Contents/Developer/Toolchains/XcodeDefault.xctoolchain/usr/bin/../lib/clang/5.0/lib/darwin/libclang_rt.osx.a] ==> [/Applications/Xcode.app/Contents/Developer/Toolchains/XcodeDefault.xctoolchain/usr/lib/clang/5.0/lib/darwin/libclang_rt.osx.a]
  collapse library dir [/Applications/Xcode.app/Contents/Developer/Platforms/MacOSX.platform/Developer/SDKs/MacOSX10.9.sdk/usr/lib] ==> [/Applications/Xcode.app/Contents/Developer/Platforms/MacOSX.platform/Developer/SDKs/MacOSX10.9.sdk/usr/lib]
  collapse framework dir [/Applications/Xcode.app/Contents/Developer/Platforms/MacOSX.platform/Developer/SDKs/MacOSX10.9.sdk/System/Library/Frameworks/] ==> [/Applications/Xcode.app/Contents/Developer/Platforms/MacOSX.platform/Developer/SDKs/MacOSX10.9.sdk/System/Library/Frameworks]
  implicit libs: [/Applications/Xcode.app/Contents/Developer/Toolchains/XcodeDefault.xctoolchain/usr/lib/clang/5.0/lib/darwin/libclang_rt.osx.a]
  implicit dirs: [/Applications/Xcode.app/Contents/Developer/Platforms/MacOSX.platform/Developer/SDKs/MacOSX10.9.sdk/usr/lib]
  implicit fwks: [/Applications/Xcode.app/Contents/Developer/Platforms/MacOSX.platform/Developer/SDKs/MacOSX10.9.sdk/System/Library/Frameworks]


Determining if the CXX compiler works passed with the following output:
Change Dir: /Users/nEwUnivErsE/In-air-interaction/In-air/CMakeFiles/CMakeTmp

Run Build Command:/usr/bin/make "cmTryCompileExec3664330187/fast"
/Applications/Xcode.app/Contents/Developer/usr/bin/make -f CMakeFiles/cmTryCompileExec3664330187.dir/build.make CMakeFiles/cmTryCompileExec3664330187.dir/build
"/Applications/CMake 2.8-12.app/Contents/bin/cmake" -E cmake_progress_report /Users/nEwUnivErsE/In-air-interaction/In-air/CMakeFiles/CMakeTmp/CMakeFiles 1
Building CXX object CMakeFiles/cmTryCompileExec3664330187.dir/testCXXCompiler.cxx.o
/usr/bin/c++    -isysroot /Applications/Xcode.app/Contents/Developer/Platforms/MacOSX.platform/Developer/SDKs/MacOSX10.9.sdk   -o CMakeFiles/cmTryCompileExec3664330187.dir/testCXXCompiler.cxx.o -c /Users/nEwUnivErsE/In-air-interaction/In-air/CMakeFiles/CMakeTmp/testCXXCompiler.cxx
Linking CXX executable cmTryCompileExec3664330187
"/Applications/CMake 2.8-12.app/Contents/bin/cmake" -E cmake_link_script CMakeFiles/cmTryCompileExec3664330187.dir/link.txt --verbose=1
/usr/bin/c++     -isysroot /Applications/Xcode.app/Contents/Developer/Platforms/MacOSX.platform/Developer/SDKs/MacOSX10.9.sdk -Wl,-search_paths_first -Wl,-headerpad_max_install_names   CMakeFiles/cmTryCompileExec3664330187.dir/testCXXCompiler.cxx.o  -o cmTryCompileExec3664330187  


Detecting CXX compiler ABI info compiled with the following output:
Change Dir: /Users/nEwUnivErsE/In-air-interaction/In-air/CMakeFiles/CMakeTmp

Run Build Command:/usr/bin/make "cmTryCompileExec868011797/fast"
/Applications/Xcode.app/Contents/Developer/usr/bin/make -f CMakeFiles/cmTryCompileExec868011797.dir/build.make CMakeFiles/cmTryCompileExec868011797.dir/build
"/Applications/CMake 2.8-12.app/Contents/bin/cmake" -E cmake_progress_report /Users/nEwUnivErsE/In-air-interaction/In-air/CMakeFiles/CMakeTmp/CMakeFiles 1
Building CXX object CMakeFiles/cmTryCompileExec868011797.dir/CMakeCXXCompilerABI.cpp.o
/usr/bin/c++    -isysroot /Applications/Xcode.app/Contents/Developer/Platforms/MacOSX.platform/Developer/SDKs/MacOSX10.9.sdk   -o CMakeFiles/cmTryCompileExec868011797.dir/CMakeCXXCompilerABI.cpp.o -c "/Applications/CMake 2.8-12.app/Contents/share/cmake-2.8/Modules/CMakeCXXCompilerABI.cpp"
Linking CXX executable cmTryCompileExec868011797
"/Applications/CMake 2.8-12.app/Contents/bin/cmake" -E cmake_link_script CMakeFiles/cmTryCompileExec868011797.dir/link.txt --verbose=1
/usr/bin/c++     -isysroot /Applications/Xcode.app/Contents/Developer/Platforms/MacOSX.platform/Developer/SDKs/MacOSX10.9.sdk -Wl,-search_paths_first -Wl,-headerpad_max_install_names -v -Wl,-v CMakeFiles/cmTryCompileExec868011797.dir/CMakeCXXCompilerABI.cpp.o  -o cmTryCompileExec868011797   
Apple LLVM version 5.0 (clang-500.2.79) (based on LLVM 3.3svn)
Target: x86_64-apple-darwin13.0.0
Thread model: posix
 "/Applications/Xcode.app/Contents/Developer/Toolchains/XcodeDefault.xctoolchain/usr/bin/ld" -demangle -dynamic -arch x86_64 -macosx_version_min 10.9.0 -syslibroot /Applications/Xcode.app/Contents/Developer/Platforms/MacOSX.platform/Developer/SDKs/MacOSX10.9.sdk -o cmTryCompileExec868011797 -search_paths_first -headerpad_max_install_names -v CMakeFiles/cmTryCompileExec868011797.dir/CMakeCXXCompilerABI.cpp.o -lc++ -lSystem /Applications/Xcode.app/Contents/Developer/Toolchains/XcodeDefault.xctoolchain/usr/bin/../lib/clang/5.0/lib/darwin/libclang_rt.osx.a
@(#)PROGRAM:ld  PROJECT:ld64-224.1
configured to support archs: armv6 armv7 armv7s arm64 i386 x86_64 armv6m armv7m armv7em
Library search paths:
	/Applications/Xcode.app/Contents/Developer/Platforms/MacOSX.platform/Developer/SDKs/MacOSX10.9.sdk/usr/lib
Framework search paths:
	/Applications/Xcode.app/Contents/Developer/Platforms/MacOSX.platform/Developer/SDKs/MacOSX10.9.sdk/System/Library/Frameworks/


Parsed CXX implicit link information from above output:
  link line regex: [^( *|.*[/\])(ld|([^/\]+-)?ld|collect2)[^/\]*( |$)]
  ignore line: [Change Dir: /Users/nEwUnivErsE/In-air-interaction/In-air/CMakeFiles/CMakeTmp]
  ignore line: []
  ignore line: [Run Build Command:/usr/bin/make "cmTryCompileExec868011797/fast"]
  ignore line: [/Applications/Xcode.app/Contents/Developer/usr/bin/make -f CMakeFiles/cmTryCompileExec868011797.dir/build.make CMakeFiles/cmTryCompileExec868011797.dir/build]
  ignore line: ["/Applications/CMake 2.8-12.app/Contents/bin/cmake" -E cmake_progress_report /Users/nEwUnivErsE/In-air-interaction/In-air/CMakeFiles/CMakeTmp/CMakeFiles 1]
  ignore line: [Building CXX object CMakeFiles/cmTryCompileExec868011797.dir/CMakeCXXCompilerABI.cpp.o]
  ignore line: [/usr/bin/c++    -isysroot /Applications/Xcode.app/Contents/Developer/Platforms/MacOSX.platform/Developer/SDKs/MacOSX10.9.sdk   -o CMakeFiles/cmTryCompileExec868011797.dir/CMakeCXXCompilerABI.cpp.o -c "/Applications/CMake 2.8-12.app/Contents/share/cmake-2.8/Modules/CMakeCXXCompilerABI.cpp"]
  ignore line: [Linking CXX executable cmTryCompileExec868011797]
  ignore line: ["/Applications/CMake 2.8-12.app/Contents/bin/cmake" -E cmake_link_script CMakeFiles/cmTryCompileExec868011797.dir/link.txt --verbose=1]
  ignore line: [/usr/bin/c++     -isysroot /Applications/Xcode.app/Contents/Developer/Platforms/MacOSX.platform/Developer/SDKs/MacOSX10.9.sdk -Wl,-search_paths_first -Wl,-headerpad_max_install_names -v -Wl,-v CMakeFiles/cmTryCompileExec868011797.dir/CMakeCXXCompilerABI.cpp.o  -o cmTryCompileExec868011797   ]
  ignore line: [Apple LLVM version 5.0 (clang-500.2.79) (based on LLVM 3.3svn)]
  ignore line: [Target: x86_64-apple-darwin13.0.0]
  ignore line: [Thread model: posix]
  link line: [ "/Applications/Xcode.app/Contents/Developer/Toolchains/XcodeDefault.xctoolchain/usr/bin/ld" -demangle -dynamic -arch x86_64 -macosx_version_min 10.9.0 -syslibroot /Applications/Xcode.app/Contents/Developer/Platforms/MacOSX.platform/Developer/SDKs/MacOSX10.9.sdk -o cmTryCompileExec868011797 -search_paths_first -headerpad_max_install_names -v CMakeFiles/cmTryCompileExec868011797.dir/CMakeCXXCompilerABI.cpp.o -lc++ -lSystem /Applications/Xcode.app/Contents/Developer/Toolchains/XcodeDefault.xctoolchain/usr/bin/../lib/clang/5.0/lib/darwin/libclang_rt.osx.a]
    arg [/Applications/Xcode.app/Contents/Developer/Toolchains/XcodeDefault.xctoolchain/usr/bin/ld] ==> ignore
    arg [-demangle] ==> ignore
    arg [-dynamic] ==> ignore
    arg [-arch] ==> ignore
    arg [x86_64] ==> ignore
    arg [-macosx_version_min] ==> ignore
    arg [10.9.0] ==> ignore
    arg [-syslibroot] ==> ignore
    arg [/Applications/Xcode.app/Contents/Developer/Platforms/MacOSX.platform/Developer/SDKs/MacOSX10.9.sdk] ==> ignore
    arg [-o] ==> ignore
    arg [cmTryCompileExec868011797] ==> ignore
    arg [-search_paths_first] ==> ignore
    arg [-headerpad_max_install_names] ==> ignore
    arg [-v] ==> ignore
    arg [CMakeFiles/cmTryCompileExec868011797.dir/CMakeCXXCompilerABI.cpp.o] ==> ignore
    arg [-lc++] ==> lib [c++]
    arg [-lSystem] ==> lib [System]
    arg [/Applications/Xcode.app/Contents/Developer/Toolchains/XcodeDefault.xctoolchain/usr/bin/../lib/clang/5.0/lib/darwin/libclang_rt.osx.a] ==> lib [/Applications/Xcode.app/Contents/Developer/Toolchains/XcodeDefault.xctoolchain/usr/bin/../lib/clang/5.0/lib/darwin/libclang_rt.osx.a]
  Library search paths: [;/Applications/Xcode.app/Contents/Developer/Platforms/MacOSX.platform/Developer/SDKs/MacOSX10.9.sdk/usr/lib]
  Framework search paths: [;/Applications/Xcode.app/Contents/Developer/Platforms/MacOSX.platform/Developer/SDKs/MacOSX10.9.sdk/System/Library/Frameworks/]
  remove lib [System]
  collapse lib [/Applications/Xcode.app/Contents/Developer/Toolchains/XcodeDefault.xctoolchain/usr/bin/../lib/clang/5.0/lib/darwin/libclang_rt.osx.a] ==> [/Applications/Xcode.app/Contents/Developer/Toolchains/XcodeDefault.xctoolchain/usr/lib/clang/5.0/lib/darwin/libclang_rt.osx.a]
  collapse library dir [/Applications/Xcode.app/Contents/Developer/Platforms/MacOSX.platform/Developer/SDKs/MacOSX10.9.sdk/usr/lib] ==> [/Applications/Xcode.app/Contents/Developer/Platforms/MacOSX.platform/Developer/SDKs/MacOSX10.9.sdk/usr/lib]
  collapse framework dir [/Applications/Xcode.app/Contents/Developer/Platforms/MacOSX.platform/Developer/SDKs/MacOSX10.9.sdk/System/Library/Frameworks/] ==> [/Applications/Xcode.app/Contents/Developer/Platforms/MacOSX.platform/Developer/SDKs/MacOSX10.9.sdk/System/Library/Frameworks]
  implicit libs: [c++;/Applications/Xcode.app/Contents/Developer/Toolchains/XcodeDefault.xctoolchain/usr/lib/clang/5.0/lib/darwin/libclang_rt.osx.a]
  implicit dirs: [/Applications/Xcode.app/Contents/Developer/Platforms/MacOSX.platform/Developer/SDKs/MacOSX10.9.sdk/usr/lib]
  implicit fwks: [/Applications/Xcode.app/Contents/Developer/Platforms/MacOSX.platform/Developer/SDKs/MacOSX10.9.sdk/System/Library/Frameworks]


Determining if the Q_WS_MAC exist passed with the following output:
Change Dir: /Users/nEwUnivErsE/In-air-interaction/In-air/CMakeFiles/CMakeTmp

Run Build Command:/usr/bin/make "cmTryCompileExec375701002/fast"
/Applications/Xcode.app/Contents/Developer/usr/bin/make -f CMakeFiles/cmTryCompileExec375701002.dir/build.make CMakeFiles/cmTryCompileExec375701002.dir/build
"/Applications/CMake 2.8-12.app/Contents/bin/cmake" -E cmake_progress_report /Users/nEwUnivErsE/In-air-interaction/In-air/CMakeFiles/CMakeTmp/CMakeFiles 1
Building CXX object CMakeFiles/cmTryCompileExec375701002.dir/CheckSymbolExists.cxx.o
/usr/bin/c++    -isysroot /Applications/Xcode.app/Contents/Developer/Platforms/MacOSX.platform/Developer/SDKs/MacOSX10.9.sdk -I/opt/local/include    -o CMakeFiles/cmTryCompileExec375701002.dir/CheckSymbolExists.cxx.o -c /Users/nEwUnivErsE/In-air-interaction/In-air/CMakeFiles/CMakeTmp/CheckSymbolExists.cxx
Linking CXX executable cmTryCompileExec375701002
"/Applications/CMake 2.8-12.app/Contents/bin/cmake" -E cmake_link_script CMakeFiles/cmTryCompileExec375701002.dir/link.txt --verbose=1
/usr/bin/c++     -isysroot /Applications/Xcode.app/Contents/Developer/Platforms/MacOSX.platform/Developer/SDKs/MacOSX10.9.sdk -Wl,-search_paths_first -Wl,-headerpad_max_install_names   CMakeFiles/cmTryCompileExec375701002.dir/CheckSymbolExists.cxx.o  -o cmTryCompileExec375701002  

File /Users/nEwUnivErsE/In-air-interaction/In-air/CMakeFiles/CMakeTmp/CheckSymbolExists.cxx:
/* */
#include <QtCore/qglobal.h>

int main(int argc, char** argv)
{
  (void)argv;
#ifndef Q_WS_MAC
  return ((int*)(&Q_WS_MAC))[argc];
#else
  (void)argc;
  return 0;
#endif
}

Determining if the QT_MAC_USE_COCOA exist passed with the following output:
Change Dir: /Users/nEwUnivErsE/In-air-interaction/In-air/CMakeFiles/CMakeTmp

Run Build Command:/usr/bin/make "cmTryCompileExec202903338/fast"
/Applications/Xcode.app/Contents/Developer/usr/bin/make -f CMakeFiles/cmTryCompileExec202903338.dir/build.make CMakeFiles/cmTryCompileExec202903338.dir/build
"/Applications/CMake 2.8-12.app/Contents/bin/cmake" -E cmake_progress_report /Users/nEwUnivErsE/In-air-interaction/In-air/CMakeFiles/CMakeTmp/CMakeFiles 1
Building CXX object CMakeFiles/cmTryCompileExec202903338.dir/CheckSymbolExists.cxx.o
/usr/bin/c++    -isysroot /Applications/Xcode.app/Contents/Developer/Platforms/MacOSX.platform/Developer/SDKs/MacOSX10.9.sdk -I/opt/local/include    -o CMakeFiles/cmTryCompileExec202903338.dir/CheckSymbolExists.cxx.o -c /Users/nEwUnivErsE/In-air-interaction/In-air/CMakeFiles/CMakeTmp/CheckSymbolExists.cxx
Linking CXX executable cmTryCompileExec202903338
"/Applications/CMake 2.8-12.app/Contents/bin/cmake" -E cmake_link_script CMakeFiles/cmTryCompileExec202903338.dir/link.txt --verbose=1
/usr/bin/c++     -isysroot /Applications/Xcode.app/Contents/Developer/Platforms/MacOSX.platform/Developer/SDKs/MacOSX10.9.sdk -Wl,-search_paths_first -Wl,-headerpad_max_install_names   CMakeFiles/cmTryCompileExec202903338.dir/CheckSymbolExists.cxx.o  -o cmTryCompileExec202903338  

File /Users/nEwUnivErsE/In-air-interaction/In-air/CMakeFiles/CMakeTmp/CheckSymbolExists.cxx:
/* */
#include <QtCore/qconfig.h>

int main(int argc, char** argv)
{
  (void)argv;
#ifndef QT_MAC_USE_COCOA
  return ((int*)(&QT_MAC_USE_COCOA))[argc];
#else
  (void)argc;
  return 0;
#endif
}

